<?xml version="1.0" encoding="UTF-8"?>
<!-- Generated by org.testng.reporters.JUnitReportReporter -->
<testsuite skipped="0" hostname="DESKTOP-54C6JOP" name="Calc.Assignment.AppTest" tests="1" failures="0" timestamp="15 Jul 2019 13:26:49 GMT" time="17.954" errors="0">
  <testcase name="testdriver" time="17.954" classname="Calc.Assignment.AppTest"/>
</testsuite> <!-- Calc.Assignment.AppTest -->
